Figwheel: focusing on build-ids (dev)
[0mCompiling "resources/public/javascripts/dev.js" from ["src"]...
[31mCompiling "resources/public/javascripts/dev.js" failed.[0m
clojure.lang.ExceptionInfo: failed compiling file:src/cljs/helloworld/core.cljs
 at clojure.core$ex_info.invokeStatic (core.clj:4617)
    clojure.core$ex_info.invoke (core.clj:4617)
    cljs.compiler$compile_file$fn__3072.invoke (compiler.cljc:1146)
    cljs.compiler$compile_file.invokeStatic (compiler.cljc:1109)
    cljs.compiler$compile_file.invoke (compiler.cljc:1089)
    cljs.compiler$compile_root.invokeStatic (compiler.cljc:1181)
    cljs.compiler$compile_root.invoke (compiler.cljc:1160)
    cljs.closure$compile_dir.invokeStatic (closure.clj:385)
    cljs.closure$compile_dir.invoke (closure.clj:379)
    cljs.closure$eval3481$fn__3482.invoke (closure.clj:425)
    cljs.closure$eval3434$fn__3435$G__3425__3442.invoke (closure.clj:331)
    cljs.closure$eval3494$fn__3495.invoke (closure.clj:439)
    cljs.closure$eval3434$fn__3435$G__3425__3442.invoke (closure.clj:331)
    clojurescript_build.core.CompilableSourcePaths/fn (core.clj:20)
    clojure.lang.PersistentVector.reduce (PersistentVector.java:341)
    clojure.core$reduce.invokeStatic (core.clj:6544)
    clojure.core$reduce.invoke (core.clj:6527)
    clojurescript_build.core.CompilableSourcePaths._compile (core.clj:19)
    cljs.closure$build.invokeStatic (closure.clj:1476)
    cljs.closure$build.invoke (closure.clj:1431)
    clojurescript_build.core$build_source_paths_STAR_.invokeStatic (core.clj:160)
    clojurescript_build.core$build_source_paths_STAR_.invoke (core.clj:147)
    figwheel_sidecar.auto_builder$default_build_options$fn__15697.invoke (auto_builder.clj:78)
    figwheel_sidecar.auto_builder$insert_figwheel_connect_script$fn__15743.invoke (auto_builder.clj:217)
    figwheel_sidecar.auto_builder$warning$fn__15694.invoke (auto_builder.clj:74)
    clojurescript_build.auto$time_build$fn__15490.invoke (auto.clj:55)
    clojurescript_build.auto$after$fn__15496.invoke (auto.clj:64)
    clojurescript_build.auto$after$fn__15496.invoke (auto.clj:64)
    clojurescript_build.auto$after$fn__15496.invoke (auto.clj:64)
    clojurescript_build.auto$error$fn__15499.invoke (auto.clj:71)
Figwheel: focusing on build-ids (dev)
[0mCompiling "resources/public/javascripts/dev.js" from ["src"]...
[31mCompiling "resources/public/javascripts/dev.js" failed.[0m
clojure.lang.ExceptionInfo: failed compiling file:src/cljs/helloworld/core.cljs
 at clojure.core$ex_info.invokeStatic (core.clj:4617)
    clojure.core$ex_info.invoke (core.clj:4617)
    cljs.compiler$compile_file$fn__3072.invoke (compiler.cljc:1146)
    cljs.compiler$compile_file.invokeStatic (compiler.cljc:1109)
    cljs.compiler$compile_file.invoke (compiler.cljc:1089)
    cljs.compiler$compile_root.invokeStatic (compiler.cljc:1181)
    cljs.compiler$compile_root.invoke (compiler.cljc:1160)
    cljs.closure$compile_dir.invokeStatic (closure.clj:385)
    cljs.closure$compile_dir.invoke (closure.clj:379)
    cljs.closure$eval3481$fn__3482.invoke (closure.clj:425)
    cljs.closure$eval3434$fn__3435$G__3425__3442.invoke (closure.clj:331)
    cljs.closure$eval3494$fn__3495.invoke (closure.clj:439)
    cljs.closure$eval3434$fn__3435$G__3425__3442.invoke (closure.clj:331)
    clojurescript_build.core.CompilableSourcePaths/fn (core.clj:20)
    clojure.lang.PersistentVector.reduce (PersistentVector.java:341)
    clojure.core$reduce.invokeStatic (core.clj:6544)
    clojure.core$reduce.invoke (core.clj:6527)
    clojurescript_build.core.CompilableSourcePaths._compile (core.clj:19)
    cljs.closure$build.invokeStatic (closure.clj:1476)
    cljs.closure$build.invoke (closure.clj:1431)
    clojurescript_build.core$build_source_paths_STAR_.invokeStatic (core.clj:160)
    clojurescript_build.core$build_source_paths_STAR_.invoke (core.clj:147)
    figwheel_sidecar.auto_builder$default_build_options$fn__15697.invoke (auto_builder.clj:78)
    figwheel_sidecar.auto_builder$insert_figwheel_connect_script$fn__15743.invoke (auto_builder.clj:217)
    figwheel_sidecar.auto_builder$warning$fn__15694.invoke (auto_builder.clj:74)
    clojurescript_build.auto$time_build$fn__15490.invoke (auto.clj:55)
    clojurescript_build.auto$after$fn__15496.invoke (auto.clj:64)
    clojurescript_build.auto$after$fn__15496.invoke (auto.clj:64)
    clojurescript_build.auto$after$fn__15496.invoke (auto.clj:64)
    clojurescript_build.auto$error$fn__15499.invoke (auto.clj:71)
Figwheel: focusing on build-ids (dev)
[0mCompiling "resources/public/javascripts/dev.js" from ["src"]...
[31mCompiling "resources/public/javascripts/dev.js" failed.[0m
clojure.lang.ExceptionInfo: failed compiling file:src/cljs/helloworld/core.cljs
 at clojure.core$ex_info.invokeStatic (core.clj:4617)
    clojure.core$ex_info.invoke (core.clj:4617)
    cljs.compiler$compile_file$fn__3072.invoke (compiler.cljc:1146)
    cljs.compiler$compile_file.invokeStatic (compiler.cljc:1109)
    cljs.compiler$compile_file.invoke (compiler.cljc:1089)
    cljs.compiler$compile_root.invokeStatic (compiler.cljc:1181)
    cljs.compiler$compile_root.invoke (compiler.cljc:1160)
    cljs.closure$compile_dir.invokeStatic (closure.clj:385)
    cljs.closure$compile_dir.invoke (closure.clj:379)
    cljs.closure$eval3481$fn__3482.invoke (closure.clj:425)
    cljs.closure$eval3434$fn__3435$G__3425__3442.invoke (closure.clj:331)
    cljs.closure$eval3494$fn__3495.invoke (closure.clj:439)
    cljs.closure$eval3434$fn__3435$G__3425__3442.invoke (closure.clj:331)
    clojurescript_build.core.CompilableSourcePaths/fn (core.clj:20)
    clojure.lang.PersistentVector.reduce (PersistentVector.java:341)
    clojure.core$reduce.invokeStatic (core.clj:6544)
    clojure.core$reduce.invoke (core.clj:6527)
    clojurescript_build.core.CompilableSourcePaths._compile (core.clj:19)
    cljs.closure$build.invokeStatic (closure.clj:1476)
    cljs.closure$build.invoke (closure.clj:1431)
    clojurescript_build.core$build_source_paths_STAR_.invokeStatic (core.clj:160)
    clojurescript_build.core$build_source_paths_STAR_.invoke (core.clj:147)
    figwheel_sidecar.auto_builder$default_build_options$fn__15697.invoke (auto_builder.clj:78)
    figwheel_sidecar.auto_builder$insert_figwheel_connect_script$fn__15743.invoke (auto_builder.clj:217)
    figwheel_sidecar.auto_builder$warning$fn__15694.invoke (auto_builder.clj:74)
    clojurescript_build.auto$time_build$fn__15490.invoke (auto.clj:55)
    clojurescript_build.auto$after$fn__15496.invoke (auto.clj:64)
    clojurescript_build.auto$after$fn__15496.invoke (auto.clj:64)
    clojurescript_build.auto$after$fn__15496.invoke (auto.clj:64)
    clojurescript_build.auto$error$fn__15499.invoke (auto.clj:71)
Figwheel: focusing on build-ids (dev)
[0mCompiling "resources/public/javascripts/dev.js" from ["src"]...
[32mSuccessfully compiled "resources/public/javascripts/dev.js" in 0.178 seconds.[0m
notifying browser that file changed:  resources/public/javascripts/dev.js
notifying browser that file changed:  resources/public/javascripts/cljs-dev/goog/deps.js
notifying browser that file changed:  /helloworld/navbar.js
notifying browser that file changed:  /helloworld/core.js
